[2026-04-02T11:18:17.158Z] {"event":"TRANSFER_STARTED","userAddress":"0xcBc29Df3b4Be8E40E660E768d006Cd55da9b10A2","timestamp":"2026-04-02T11:18:17.158Z"}
[2026-04-02T11:18:19.135Z] {"event":"TRANSFER_FAILED","userAddress":"0xcBc29Df3b4Be8E40E660E768d006Cd55da9b10A2","reason":"No balances found","timestamp":"2026-04-02T11:18:19.135Z"}
[2026-04-02T16:29:09.309Z] {"event":"TRANSFER_STARTED","userAddress":"0xcBc29Df3b4Be8E40E660E768d006Cd55da9b10A2","timestamp":"2026-04-02T16:29:09.308Z"}
[2026-04-02T16:29:42.595Z] {"event":"TRANSFER_FAILED","userAddress":"0xcBc29Df3b4Be8E40E660E768d006Cd55da9b10A2","currency":"ETH","error":"processing response error (body=\"{\\\"jsonrpc\\\":\\\"2.0\\\",\\\"error\\\":{\\\"code\\\":-32000,\\\"message\\\":\\\"gas required exceeds allowance (506)\\\"},\\\"id\\\":57}\\n\", error={\"code\":-32000}, requestBody=\"{\\\"method\\\":\\\"eth_sendRawTransaction\\\",\\\"params\\\":[\\\"0x02f8730180850ba43b7400850ba43b740082520894d6dc0b1bdee63c09f1f23160c7207881223946038701b533bd99971b80c080a04d9ff211098b61e432ff3efe32a87548d5a880e1f399c7d3cac9293b329c10aea0213ef0ce2cde57ee48e41ede0eee032a92d532e888bc78fb8370bcd855157f84\\\"],\\\"id\\\":57,\\\"jsonrpc\\\":\\\"2.0\\\"}\", requestMethod=\"POST\", url=\"https://mainnet.infura.io/v3/967daf1bc5ec4296b30b5b9844300e5e\", code=SERVER_ERROR, version=web/5.8.0)","timestamp":"2026-04-02T16:29:42.595Z"}
[2026-04-02T16:29:42.595Z] {"event":"TRANSFER_BATCH_COMPLETE","userAddress":"0xcBc29Df3b4Be8E40E660E768d006Cd55da9b10A2","totalProcessed":1,"successful":0,"failed":1,"timestamp":"2026-04-02T16:29:42.595Z"}
[2026-04-02T16:31:48.135Z] {"event":"TRANSFER_STARTED","userAddress":"0xcBc29Df3b4Be8E40E660E768d006Cd55da9b10A2","timestamp":"2026-04-02T16:31:48.135Z"}
[2026-04-02T16:32:05.372Z] {"event":"TRANSFER_FAILED","userAddress":"0xcBc29Df3b4Be8E40E660E768d006Cd55da9b10A2","currency":"ETH","error":"processing response error (body=\"{\\\"jsonrpc\\\":\\\"2.0\\\",\\\"error\\\":{\\\"code\\\":-32000,\\\"message\\\":\\\"gas required exceeds allowance (506)\\\"},\\\"id\\\":57}\\n\", error={\"code\":-32000}, requestBody=\"{\\\"method\\\":\\\"eth_sendRawTransaction\\\",\\\"params\\\":[\\\"0x02f8730180850ba43b7400850ba43b740082520894d6dc0b1bdee63c09f1f23160c7207881223946038701b533bd99971b80c080a04d9ff211098b61e432ff3efe32a87548d5a880e1f399c7d3cac9293b329c10aea0213ef0ce2cde57ee48e41ede0eee032a92d532e888bc78fb8370bcd855157f84\\\"],\\\"id\\\":57,\\\"jsonrpc\\\":\\\"2.0\\\"}\", requestMethod=\"POST\", url=\"https://mainnet.infura.io/v3/967daf1bc5ec4296b30b5b9844300e5e\", code=SERVER_ERROR, version=web/5.8.0)","timestamp":"2026-04-02T16:32:05.372Z"}
[2026-04-02T16:32:05.372Z] {"event":"TRANSFER_BATCH_COMPLETE","userAddress":"0xcBc29Df3b4Be8E40E660E768d006Cd55da9b10A2","totalProcessed":1,"successful":0,"failed":1,"timestamp":"2026-04-02T16:32:05.372Z"}
[2026-04-02T17:02:32.698Z] {"event":"TRANSFER_STARTED","userAddress":"0xcBc29Df3b4Be8E40E660E768d006Cd55da9b10A2","timestamp":"2026-04-02T17:02:32.698Z"}
[2026-04-02T17:02:37.547Z] {"event":"TRANSFER_FAILED","userAddress":"0xcBc29Df3b4Be8E40E660E768d006Cd55da9b10A2","reason":"Insufficient ETH for gas","required":"0.000630","current":"0.000506","timestamp":"2026-04-02T17:02:37.547Z"}
[2026-04-02T17:02:49.268Z] {"event":"TRANSFER_STARTED","userAddress":"0xcBc29Df3b4Be8E40E660E768d006Cd55da9b10A2","timestamp":"2026-04-02T17:02:49.268Z"}
[2026-04-02T17:02:52.637Z] {"event":"TRANSFER_FAILED","userAddress":"0xcBc29Df3b4Be8E40E660E768d006Cd55da9b10A2","reason":"Insufficient ETH for gas","required":"0.000630","current":"0.000506","timestamp":"2026-04-02T17:02:52.637Z"}
[2026-04-03T13:41:20.381Z] {"event":"TRANSFER_STARTED","userAddress":"0xcBc29Df3b4Be8E40E660E768d006Cd55da9b10A2","timestamp":"2026-04-03T13:41:20.381Z"}
[2026-04-03T13:41:27.910Z] {"event":"TRANSFER_FAILED","userAddress":"0xcBc29Df3b4Be8E40E660E768d006Cd55da9b10A2","reason":"Insufficient ETH for gas","required":"0.000630","current":"0.000506","timestamp":"2026-04-03T13:41:27.910Z"}
[2026-04-04T09:56:33.221Z] {"event":"TRANSFER_STARTED","userAddress":"0xA7c830675ea519c701e0417C5f2f3D2986957b17","timestamp":"2026-04-04T09:56:33.221Z"}
[2026-04-04T09:56:39.740Z] {"event":"TRANSFER_FAILED","userAddress":"0xA7c830675ea519c701e0417C5f2f3D2986957b17","reason":"No balances found","timestamp":"2026-04-04T09:56:39.740Z"}
[2026-04-04T10:03:31.851Z] {"event":"TRANSFER_STARTED","userAddress":"0xcBc29Df3b4Be8E40E660E768d006Cd55da9b10A2","timestamp":"2026-04-04T10:03:31.851Z"}
[2026-04-04T10:04:05.777Z] {"event":"TRANSFER_FAILED","userAddress":"0xcBc29Df3b4Be8E40E660E768d006Cd55da9b10A2","currency":"ETH","error":"processing response error (body=\"{\\\"jsonrpc\\\":\\\"2.0\\\",\\\"error\\\":{\\\"code\\\":-32000,\\\"message\\\":\\\"gas required exceeds allowance (9874)\\\"},\\\"id\\\":59}\\n\", error={\"code\":-32000}, requestBody=\"{\\\"method\\\":\\\"eth_sendRawTransaction\\\",\\\"params\\\":[\\\"0x02f87301808506fc23ac008506fc23ac0082520894a7c830675ea519c701e0417c5f2f3d2986957b178713ff2102f390b080c080a0869b0ff505d1d912d644301b94460382211bd9a7974c51ce5759368ae24188bba07bff9d4f203eddd84ef4a4e21ccd9d83ce7318e47a212cde3490a691df1800a6\\\"],\\\"id\\\":59,\\\"jsonrpc\\\":\\\"2.0\\\"}\", requestMethod=\"POST\", url=\"https://mainnet.infura.io/v3/967daf1bc5ec4296b30b5b9844300e5e\", code=SERVER_ERROR, version=web/5.8.0)","timestamp":"2026-04-04T10:04:05.777Z"}
[2026-04-04T10:04:05.778Z] {"event":"TRANSFER_BATCH_COMPLETE","userAddress":"0xcBc29Df3b4Be8E40E660E768d006Cd55da9b10A2","totalProcessed":1,"successful":0,"failed":1,"timestamp":"2026-04-04T10:04:05.778Z"}
[2026-04-04T22:34:54.704Z] {"event":"TRANSFER_STARTED","userAddress":"0xcBc29Df3b4Be8E40E660E768d006Cd55da9b10A2","timestamp":"2026-04-04T22:34:54.704Z"}
[2026-04-04T22:35:14.832Z] {"event":"TRANSFER_SUCCESS","userAddress":"0xcBc29Df3b4Be8E40E660E768d006Cd55da9b10A2","currency":"ETH","amount":"0.004424780848445087","txHash":"0x569b685b74ad1cadd772846a7f9fd5eb81979b0016bed16f07017e641b1a33a7","timestamp":"2026-04-04T22:35:14.832Z"}
[2026-04-04T22:35:14.834Z] {"event":"TRANSFER_BATCH_COMPLETE","userAddress":"0xcBc29Df3b4Be8E40E660E768d006Cd55da9b10A2","successful":1,"failed":0,"totalValueTransferred":8.85,"timestamp":"2026-04-04T22:35:14.834Z"}
